The system is: Linux - 2.6.24-24-generic - i686
Compiling the C compiler identification source file "CMakeCCompilerId.c" succeeded.
Compiler: /usr/lib/ccache/gcc 
Build flags: 
Id flags: 

The output was:
0


Compilation of the C compiler identification source "CMakeCCompilerId.c" produced "a.out"

The C compiler identification is GNU, found in "/u/ethand/rosPostCommonMsgs/ros-pkg/sandbox/compressed_video_streaming/build/CMakeFiles/CompilerIdC/a.out"

Compiling the CXX compiler identification source file "CMakeCXXCompilerId.cpp" succeeded.
Compiler: /usr/lib/ccache/c++ 
Build flags: 
Id flags: 

The output was:
0
CMakeCXXCompilerId.cpp:67: warning: deprecated conversion from string constant to ‘char*’
CMakeCXXCompilerId.cpp:151: warning: deprecated conversion from string constant to ‘char*’


Compilation of the CXX compiler identification source "CMakeCXXCompilerId.cpp" produced "a.out"

The CXX compiler identification is GNU, found in "/u/ethand/rosPostCommonMsgs/ros-pkg/sandbox/compressed_video_streaming/build/CMakeFiles/CompilerIdCXX/a.out"

Determining if the C compiler works passed with the following output:
Change Dir: /u/ethand/rosPostCommonMsgs/ros-pkg/sandbox/compressed_video_streaming/build/CMakeFiles/CMakeTmp

Run Build Command:/usr/bin/make "cmTryCompileExec/fast"
make[1]: Entering directory `/wg/stor2/ethand/rosPostCommonMsgs/ros-pkg/sandbox/compressed_video_streaming/build/CMakeFiles/CMakeTmp'
/usr/bin/make -f CMakeFiles/cmTryCompileExec.dir/build.make CMakeFiles/cmTryCompileExec.dir/build
make[2]: Entering directory `/wg/stor2/ethand/rosPostCommonMsgs/ros-pkg/sandbox/compressed_video_streaming/build/CMakeFiles/CMakeTmp'
/usr/bin/cmake -E cmake_progress_report /u/ethand/rosPostCommonMsgs/ros-pkg/sandbox/compressed_video_streaming/build/CMakeFiles/CMakeTmp/CMakeFiles 1
Building C object CMakeFiles/cmTryCompileExec.dir/testCCompiler.c.o
/usr/lib/ccache/gcc    -o CMakeFiles/cmTryCompileExec.dir/testCCompiler.c.o   -c /u/ethand/rosPostCommonMsgs/ros-pkg/sandbox/compressed_video_streaming/build/CMakeFiles/CMakeTmp/testCCompiler.c
Linking C executable cmTryCompileExec
/usr/bin/cmake -E cmake_link_script CMakeFiles/cmTryCompileExec.dir/link.txt --verbose=1
/usr/lib/ccache/gcc        CMakeFiles/cmTryCompileExec.dir/testCCompiler.c.o  -o cmTryCompileExec -rdynamic 
make[2]: Leaving directory `/wg/stor2/ethand/rosPostCommonMsgs/ros-pkg/sandbox/compressed_video_streaming/build/CMakeFiles/CMakeTmp'
make[1]: Leaving directory `/wg/stor2/ethand/rosPostCommonMsgs/ros-pkg/sandbox/compressed_video_streaming/build/CMakeFiles/CMakeTmp'


Detecting C compiler ABI info compiled with the following output:
Change Dir: /u/ethand/rosPostCommonMsgs/ros-pkg/sandbox/compressed_video_streaming/build/CMakeFiles/CMakeTmp

Run Build Command:/usr/bin/make "cmTryCompileExec/fast"
make[1]: Entering directory `/wg/stor2/ethand/rosPostCommonMsgs/ros-pkg/sandbox/compressed_video_streaming/build/CMakeFiles/CMakeTmp'
/usr/bin/make -f CMakeFiles/cmTryCompileExec.dir/build.make CMakeFiles/cmTryCompileExec.dir/build
make[2]: Entering directory `/wg/stor2/ethand/rosPostCommonMsgs/ros-pkg/sandbox/compressed_video_streaming/build/CMakeFiles/CMakeTmp'
/usr/bin/cmake -E cmake_progress_report /u/ethand/rosPostCommonMsgs/ros-pkg/sandbox/compressed_video_streaming/build/CMakeFiles/CMakeTmp/CMakeFiles 1
Building C object CMakeFiles/cmTryCompileExec.dir/CMakeCCompilerABI.c.o
/usr/lib/ccache/gcc    -o CMakeFiles/cmTryCompileExec.dir/CMakeCCompilerABI.c.o   -c /usr/share/cmake-2.6/Modules/CMakeCCompilerABI.c
Linking C executable cmTryCompileExec
/usr/bin/cmake -E cmake_link_script CMakeFiles/cmTryCompileExec.dir/link.txt --verbose=1
/usr/lib/ccache/gcc        CMakeFiles/cmTryCompileExec.dir/CMakeCCompilerABI.c.o  -o cmTryCompileExec -rdynamic 
make[2]: Leaving directory `/wg/stor2/ethand/rosPostCommonMsgs/ros-pkg/sandbox/compressed_video_streaming/build/CMakeFiles/CMakeTmp'
make[1]: Leaving directory `/wg/stor2/ethand/rosPostCommonMsgs/ros-pkg/sandbox/compressed_video_streaming/build/CMakeFiles/CMakeTmp'


Determining if the CXX compiler works passed with the following output:
Change Dir: /u/ethand/rosPostCommonMsgs/ros-pkg/sandbox/compressed_video_streaming/build/CMakeFiles/CMakeTmp

Run Build Command:/usr/bin/make "cmTryCompileExec/fast"
make[1]: Entering directory `/wg/stor2/ethand/rosPostCommonMsgs/ros-pkg/sandbox/compressed_video_streaming/build/CMakeFiles/CMakeTmp'
/usr/bin/make -f CMakeFiles/cmTryCompileExec.dir/build.make CMakeFiles/cmTryCompileExec.dir/build
make[2]: Entering directory `/wg/stor2/ethand/rosPostCommonMsgs/ros-pkg/sandbox/compressed_video_streaming/build/CMakeFiles/CMakeTmp'
/usr/bin/cmake -E cmake_progress_report /u/ethand/rosPostCommonMsgs/ros-pkg/sandbox/compressed_video_streaming/build/CMakeFiles/CMakeTmp/CMakeFiles 1
Building CXX object CMakeFiles/cmTryCompileExec.dir/testCXXCompiler.cxx.o
/usr/lib/ccache/c++     -o CMakeFiles/cmTryCompileExec.dir/testCXXCompiler.cxx.o -c /u/ethand/rosPostCommonMsgs/ros-pkg/sandbox/compressed_video_streaming/build/CMakeFiles/CMakeTmp/testCXXCompiler.cxx
Linking CXX executable cmTryCompileExec
/usr/bin/cmake -E cmake_link_script CMakeFiles/cmTryCompileExec.dir/link.txt --verbose=1
/usr/lib/ccache/c++         CMakeFiles/cmTryCompileExec.dir/testCXXCompiler.cxx.o  -o cmTryCompileExec -rdynamic 
make[2]: Leaving directory `/wg/stor2/ethand/rosPostCommonMsgs/ros-pkg/sandbox/compressed_video_streaming/build/CMakeFiles/CMakeTmp'
make[1]: Leaving directory `/wg/stor2/ethand/rosPostCommonMsgs/ros-pkg/sandbox/compressed_video_streaming/build/CMakeFiles/CMakeTmp'


Detecting CXX compiler ABI info compiled with the following output:
Change Dir: /u/ethand/rosPostCommonMsgs/ros-pkg/sandbox/compressed_video_streaming/build/CMakeFiles/CMakeTmp

Run Build Command:/usr/bin/make "cmTryCompileExec/fast"
make[1]: Entering directory `/wg/stor2/ethand/rosPostCommonMsgs/ros-pkg/sandbox/compressed_video_streaming/build/CMakeFiles/CMakeTmp'
/usr/bin/make -f CMakeFiles/cmTryCompileExec.dir/build.make CMakeFiles/cmTryCompileExec.dir/build
make[2]: Entering directory `/wg/stor2/ethand/rosPostCommonMsgs/ros-pkg/sandbox/compressed_video_streaming/build/CMakeFiles/CMakeTmp'
/usr/bin/cmake -E cmake_progress_report /u/ethand/rosPostCommonMsgs/ros-pkg/sandbox/compressed_video_streaming/build/CMakeFiles/CMakeTmp/CMakeFiles 1
Building CXX object CMakeFiles/cmTryCompileExec.dir/CMakeCXXCompilerABI.cpp.o
/usr/lib/ccache/c++     -o CMakeFiles/cmTryCompileExec.dir/CMakeCXXCompilerABI.cpp.o -c /usr/share/cmake-2.6/Modules/CMakeCXXCompilerABI.cpp
Linking CXX executable cmTryCompileExec
/usr/bin/cmake -E cmake_link_script CMakeFiles/cmTryCompileExec.dir/link.txt --verbose=1
/usr/lib/ccache/c++         CMakeFiles/cmTryCompileExec.dir/CMakeCXXCompilerABI.cpp.o  -o cmTryCompileExec -rdynamic 
make[2]: Leaving directory `/wg/stor2/ethand/rosPostCommonMsgs/ros-pkg/sandbox/compressed_video_streaming/build/CMakeFiles/CMakeTmp'
make[1]: Leaving directory `/wg/stor2/ethand/rosPostCommonMsgs/ros-pkg/sandbox/compressed_video_streaming/build/CMakeFiles/CMakeTmp'


