01:34:16: Creating resource group General
01:34:16: Creating resource group Internal
01:34:16: Creating resource group Autodetect
01:34:16: Registering ResourceManager for type Mesh
01:34:16: Registering ResourceManager for type Material
01:34:16: Registering ResourceManager for type Skeleton
01:34:17: XMLMeshSerializer reading mesh data from pr2_head-pan.xml...
01:34:17: Reading submeshes...
01:34:17: Reading geometry...
01:34:17: Geometry done...
01:34:17: Submeshes done.
01:34:17: XMLMeshSerializer import successful.
01:34:17: Reorganising vertex buffers to automatic layout..
01:34:17: MeshSerializer writing mesh data to pr2_head-pan.mesh1...
01:34:17: File header written.
01:34:17: Writing mesh data...
01:34:17: Writing submesh...
01:34:17: Exporting submesh texture aliases...
01:34:17: Submesh texture aliases exported.
01:34:17: Submesh exported.
01:34:17: Exporting bounds information....
01:34:17: Bounds information exported.
01:34:17: Exporting submesh name table...
01:34:17: Submesh name table exported.
01:34:17: Exporting edge lists...
01:34:17: Edge lists exported
01:34:17: Mesh data exported.
01:34:17: MeshSerializer export successful.
01:34:17: Unregistering ResourceManager for type Skeleton
01:34:17: Unregistering ResourceManager for type Material
01:34:17: Unregistering ResourceManager for type Mesh
